--------------- Build Started: 08/27/2020 20:42:08 Project: BLEServer, Configuration: ARM GCC 5.4-2016-q2-update Debug ---------------
The code generation step is up to date.
The compile step is up to date, no work needs to be done.
The link step is up to date, no work needs to be done.
arm-none-eabi-gcc.exe -mcpu=cortex-m4 -mfloat-abi=softfp -mfpu=fpv4-sp-d16 -mthumb -I. -IGenerated_Source\PSoC6 -IGenerated_Source\PSoC6\pdl\cmsis/include/ -IGenerated_Source\PSoC6\pdl\devices/psoc6/ip/ -IGenerated_Source\PSoC6\pdl\devices/psoc6/psoc63/include/ -IGenerated_Source\PSoC6\pdl\drivers/peripheral/ -IGenerated_Source\PSoC6\pdl\middleware/ -IGenerated_Source\PSoC6\pdl\rtos/FreeRTOS/9.0.0/Source/include/ -IGenerated_Source\PSoC6\pdl\rtos/FreeRTOS/9.0.0/Source/portable/GCC/CM4F/ -IGenerated_Source\PSoC6\pdl\utilities/ -Wa,-alh=.\CortexM4\ARM_GCC_541\Debug/main_cm4.lst -g -D DEBUG -D CY_CORE_ID=0 -D CY_PSOC_CREATOR_USED=1 -D CY8C6347BZI_BLD53 -Wall -ffunction-sections -ffat-lto-objects -Og -c main_cm4.c -o .\CortexM4\ARM_GCC_541\Debug\main_cm4.o
main_cm4.c: In function 'GlowHockeyTask':
main_cm4.c:56:12: warning: unused variable 'sendOppositePosition' [-Wunused-variable]
     uint32 sendOppositePosition;
            ^
main_cm4.c:52:12: warning: unused variable 'player1Speedy' [-Wunused-variable]
     uint16 player1Speedy;
            ^
main_cm4.c:51:12: warning: unused variable 'player1Speedx' [-Wunused-variable]
     uint16 player1Speedx;
            ^
main_cm4.c:47:12: warning: unused variable 'player0Speedy' [-Wunused-variable]
     uint16 player0Speedy;
            ^
main_cm4.c:46:12: warning: unused variable 'player0Speedx' [-Wunused-variable]
     uint16 player0Speedx;
            ^
main_cm4.c:42:12: warning: unused variable 'ballSpeedy' [-Wunused-variable]
     uint16 ballSpeedy;
            ^
main_cm4.c:41:12: warning: unused variable 'ballSpeedx' [-Wunused-variable]
     uint16 ballSpeedx;
            ^
main_cm4.c:40:12: warning: unused variable 'bally' [-Wunused-variable]
     uint16 bally;
            ^
main_cm4.c:39:12: warning: unused variable 'ballx' [-Wunused-variable]
     uint16 ballx;
            ^
main_cm4.c:37:12: warning: unused variable 'STD_SCREEN_HEIGHT' [-Wunused-variable]
     uint16 STD_SCREEN_HEIGHT = 1920;
            ^
main_cm4.c:36:12: warning: unused variable 'STD_SCREEN_WIDTH' [-Wunused-variable]
     uint16 STD_SCREEN_WIDTH = 1080;
            ^
main_cm4.c: In function 'bleTask':
main_cm4.c:120:12: warning: unused variable 'lastBrightVal' [-Wunused-variable]
     uint32 lastBrightVal = 0;
            ^
main_cm4.c: In function 'StackEventHandler':
main_cm4.c:140:28: warning: variable 'bleapiResult' set but not used [-Wunused-but-set-variable]
     cy_en_ble_api_result_t bleapiResult;
                            ^
main_cm4.c: In function 'main':
main_cm4.c:270:22: warning: unused variable 'myIpcHandle' [-Wunused-variable]
     IPC_STRUCT_Type *myIpcHandle;
                      ^
main_cm4.c: In function 'GlowHockeyTask':
main_cm4.c:92:38: warning: 'player0y' may be used uninitialized in this function [-Wmaybe-uninitialized]
                 sendUserPosition |= ((uint32)(player0y & USER_POSITION_MASK) << 12);
                                      ^
main_cm4.c:91:37: warning: 'player0x' may be used uninitialized in this function [-Wmaybe-uninitialized]
                 sendUserPosition |= (uint32)(player0x & USER_POSITION_MASK);
                                     ^
arm-none-eabi-gcc.exe -Wl,--start-group -o D:\Codes\_Projects\BLE-Glow-Hockey\BLEServer.cydsn\CortexM4\ARM_GCC_541\Debug\BLEServer_link.elf Generated_Source\PSoC6\pdl\middleware\ble\lib\cy_ble_stack_gcc_host_ipc_cm4.a .\CortexM4\ARM_GCC_541\Debug\startup_psoc63_cm4.o .\CortexM4\ARM_GCC_541\Debug\main_cm4.o .\CortexM4\ARM_GCC_541\Debug\system_psoc63_cm4.o .\CortexM4\ARM_GCC_541\Debug\cy_ipc_config.o .\CortexM4\ARM_GCC_541\Debug\stdio_user.o .\CortexM4\ARM_GCC_541\Debug\cyfitter_sysint_cfg.o .\CortexM4\ARM_GCC_541\Debug\cymetadata.o .\CortexM4\ARM_GCC_541\Debug\UART.o .\CortexM4\ARM_GCC_541\Debug\CapSense_Control.o .\CortexM4\ARM_GCC_541\Debug\CapSense_Processing.o .\CortexM4\ARM_GCC_541\Debug\CapSense_Structure.o .\CortexM4\ARM_GCC_541\Debug\CapSense_Tuner.o .\CortexM4\ARM_GCC_541\Debug\CapSense_Filter.o .\CortexM4\ARM_GCC_541\Debug\CapSense_Sensing.o .\CortexM4\ARM_GCC_541\Debug\CapSense_INT.o .\CortexM4\ARM_GCC_541\Debug\CapSense_SensingCSD_LL.o .\CortexM4\ARM_GCC_541\Debug\BLE.o .\CortexM4\ARM_GCC_541\Debug\BLE_config.o .\CortexM4\ARM_GCC_541\Debug\BLE_custom_config.o .\CortexM4\ARM_GCC_541\Debug\cy_sysint.o .\CortexM4\ARM_GCC_541\Debug\cy_ipc_drv.o .\CortexM4\ARM_GCC_541\Debug\cy_ipc_sema.o .\CortexM4\ARM_GCC_541\Debug\cy_ipc_pipe.o .\CortexM4\ARM_GCC_541\Debug\cy_sysclk.o .\CortexM4\ARM_GCC_541\Debug\cy_wdt.o .\CortexM4\ARM_GCC_541\Debug\cy_scb_common.o .\CortexM4\ARM_GCC_541\Debug\cy_scb_i2c.o .\CortexM4\ARM_GCC_541\Debug\cy_scb_ezi2c.o .\CortexM4\ARM_GCC_541\Debug\cy_scb_spi.o .\CortexM4\ARM_GCC_541\Debug\cy_scb_uart.o .\CortexM4\ARM_GCC_541\Debug\cy_efuse.o .\CortexM4\ARM_GCC_541\Debug\cy_flash.o .\CortexM4\ARM_GCC_541\Debug\cy_gpio.o .\CortexM4\ARM_GCC_541\Debug\cy_sysanalog.o .\CortexM4\ARM_GCC_541\Debug\cy_syspm.o .\CortexM4\ARM_GCC_541\Debug\cy_syslib.o .\CortexM4\ARM_GCC_541\Debug\cy_syslib_gcc.o .\CortexM4\ARM_GCC_541\Debug\cy_trigmux.o .\CortexM4\ARM_GCC_541\Debug\cy_systick.o .\CortexM4\ARM_GCC_541\Debug\cy_profile.o .\CortexM4\ARM_GCC_541\Debug\cy_prot.o .\CortexM4\ARM_GCC_541\Debug\cy_lvd.o .\CortexM4\ARM_GCC_541\Debug\cy_ble.o .\CortexM4\ARM_GCC_541\Debug\cy_ble_hal_int.o .\CortexM4\ARM_GCC_541\Debug\cy_ble_hal_pvt.o .\CortexM4\ARM_GCC_541\Debug\cy_ble_gap.o .\CortexM4\ARM_GCC_541\Debug\cy_ble_gatt.o .\CortexM4\ARM_GCC_541\Debug\cy_ble_event_handler.o .\CortexM4\ARM_GCC_541\Debug\cy_ble_ancs.o .\CortexM4\ARM_GCC_541\Debug\cy_ble_ans.o .\CortexM4\ARM_GCC_541\Debug\cy_ble_aios.o .\CortexM4\ARM_GCC_541\Debug\cy_ble_bas.o .\CortexM4\ARM_GCC_541\Debug\cy_ble_bcs.o .\CortexM4\ARM_GCC_541\Debug\cy_ble_bls.o .\CortexM4\ARM_GCC_541\Debug\cy_ble_bms.o .\CortexM4\ARM_GCC_541\Debug\cy_ble_bts.o .\CortexM4\ARM_GCC_541\Debug\cy_ble_cgms.o .\CortexM4\ARM_GCC_541\Debug\cy_ble_cps.o .\CortexM4\ARM_GCC_541\Debug\cy_ble_cscs.o .\CortexM4\ARM_GCC_541\Debug\cy_ble_cts.o .\CortexM4\ARM_GCC_541\Debug\cy_ble_custom.o .\CortexM4\ARM_GCC_541\Debug\cy_ble_dis.o .\CortexM4\ARM_GCC_541\Debug\cy_ble_ess.o .\CortexM4\ARM_GCC_541\Debug\cy_ble_gls.o .\CortexM4\ARM_GCC_541\Debug\cy_ble_hids.o .\CortexM4\ARM_GCC_541\Debug\cy_ble_hps.o .\CortexM4\ARM_GCC_541\Debug\cy_ble_hrs.o .\CortexM4\ARM_GCC_541\Debug\cy_ble_hts.o .\CortexM4\ARM_GCC_541\Debug\cy_ble_ias.o .\CortexM4\ARM_GCC_541\Debug\cy_ble_ips.o .\CortexM4\ARM_GCC_541\Debug\cy_ble_lls.o .\CortexM4\ARM_GCC_541\Debug\cy_ble_lns.o .\CortexM4\ARM_GCC_541\Debug\cy_ble_ndcs.o .\CortexM4\ARM_GCC_541\Debug\cy_ble_plxs.o .\CortexM4\ARM_GCC_541\Debug\cy_ble_pass.o .\CortexM4\ARM_GCC_541\Debug\cy_ble_rscs.o .\CortexM4\ARM_GCC_541\Debug\cy_ble_rtus.o .\CortexM4\ARM_GCC_541\Debug\cy_ble_scps.o .\CortexM4\ARM_GCC_541\Debug\cy_ble_tps.o .\CortexM4\ARM_GCC_541\Debug\cy_ble_uds.o .\CortexM4\ARM_GCC_541\Debug\cy_ble_wpts.o .\CortexM4\ARM_GCC_541\Debug\cy_ble_wss.o .\CortexM4\ARM_GCC_541\Debug\cy_ble_clk.o .\CortexM4\ARM_GCC_541\Debug\croutine.o .\CortexM4\ARM_GCC_541\Debug\event_groups.o .\CortexM4\ARM_GCC_541\Debug\list.o .\CortexM4\ARM_GCC_541\Debug\queue.o .\CortexM4\ARM_GCC_541\Debug\tasks.o .\CortexM4\ARM_GCC_541\Debug\timers.o .\CortexM4\ARM_GCC_541\Debug\port.o .\CortexM4\ARM_GCC_541\Debug\heap_1.o .\CortexM4\ARM_GCC_541\Debug\retarget.o "E:\Cypress\PSoC Creator\4.2\PSoC Creator\psoc\content\CyComponentLibrary\CyComponentLibrary.cylib\CapSense_v2_0\Library\CapSense_Library_GCC_M4.a" -mcpu=cortex-m4 -mfloat-abi=softfp -mfpu=fpv4-sp-d16 -mthumb -L Generated_Source\PSoC6 -Wl,-Map,.\CortexM4\ARM_GCC_541\Debug/BLEServer.map -T cy8c6xx7_cm4_dual.ld -specs=nano.specs -Wl,--gc-sections -g -ffunction-sections -Og -ffat-lto-objects -Wl,--end-group
E:\Cypress\PDL\3.0.1\tools\win\elf\cymcuelftool.exe --sign D:\Codes\_Projects\BLE-Glow-Hockey\BLEServer.cydsn\CortexM4\ARM_GCC_541\Debug\BLEServer_link.elf --output D:\Codes\_Projects\BLE-Glow-Hockey\BLEServer.cydsn\CortexM4\ARM_GCC_541\Debug\BLEServer_signed.elf --hex D:\Codes\_Projects\BLE-Glow-Hockey\BLEServer.cydsn\CortexM4\ARM_GCC_541\Debug\BLEServer_signed.hex
No ELF section .cychecksum found, creating one
Application checksum calculated and stored in ELF section .cychecksum
Checksum calculated and stored in ELF section .cymeta
E:\Cypress\PDL\3.0.1\tools\win\elf\cymcuelftool.exe --merge D:\Codes\_Projects\BLE-Glow-Hockey\BLEServer.cydsn\CortexM4\ARM_GCC_541\Debug\BLEServer_signed.elf D:\Codes\_Projects\BLE-Glow-Hockey\BLEServer.cydsn\CortexM0p\ARM_GCC_541\Debug\BLEServer.elf --output D:\Codes\_Projects\BLE-Glow-Hockey\BLEServer.cydsn\CortexM4\ARM_GCC_541\Debug\BLEServer.elf --hex D:\Codes\_Projects\BLE-Glow-Hockey\BLEServer.cydsn\CortexM4\ARM_GCC_541\Debug\BLEServer.hex
Application checksum calculated and stored in ELF section .cychecksum
Checksum calculated and stored in ELF section .cymeta
E:\Cypress\PDL\3.0.1\tools\win\elf\cymcuelftool.exe -A D:\Codes\_Projects\BLE-Glow-Hockey\BLEServer.cydsn\CortexM4\ARM_GCC_541\Debug\BLEServer.elf
code:209313	sram:98520
--------------- Build Succeeded: 08/27/2020 20:42:11 ---------------
